<?xml version="1.0" encoding="UTF-8"?>
<testsuite xmlns:xsi="http://www.w3.org/2001/XMLSchema-instance"
	xsi:noNamespaceSchemaLocation="https://maven.apache.org/surefire/maven-surefire-plugin/xsd/surefire-test-report-3.0.xsd"
	version="3.0" name="com.example.springboot.HelloControllerTest" time="0.167"
	tests="2" errors="0" skipped="0" failures="2">
	<properties>
[...]
</properties>
	<testcase name="testGreetings"
		classname="com.example.springboot.HelloControllerTest" time="0.006">
		<failure message="Status expected:&lt;200&gt; but was:&lt;401&gt;"
			type="java.lang.AssertionError"><![CDATA[java.lang.AssertionError: Status expected:<200> but was:<401>
	at org.springframework.test.util.AssertionErrors.fail(AssertionErrors.java:59)
	at org.springframework.test.util.AssertionErrors.assertEquals(AssertionErrors.java:122)
	at org.springframework.test.web.servlet.result.StatusResultMatchers.lambda$matcher$9(StatusResultMatchers.java:637)
	at org.springframework.test.web.servlet.MockMvc$1.andExpect(MockMvc.java:214)
	at com.example.springboot.HelloControllerTest.testGreetings(HelloControllerTest.java:23)
	at java.base/java.lang.reflect.Method.invoke(Method.java:580)
	at java.base/java.util.ArrayList.forEach(ArrayList.java:1597)
	at java.base/java.util.ArrayList.forEach(ArrayList.java:1597)
]]></failure>
		<system-out><![CDATA[2024-08-24 16:26:51 INFO  o.s.t.c.s.AnnotationConfigContextLoaderUtils - Could not detect default configuration classes for test class [com.example.springboot.HelloControllerTest]: HelloControllerTest does not declare any static, non-private, non-final, nested classes annotated with @Configuration.
2024-08-24 16:26:51 INFO  o.s.b.t.c.SpringBootTestContextBootstrapper - Found @SpringBootConfiguration com.example.springboot.Application for test class com.example.springboot.HelloControllerTest

  .   ____          _            __ _ _
 /\\ / ___'_ __ _ _(_)_ __  __ _ \ \ \ \
( ( )\___ | '_ | '_| | '_ \/ _` | \ \ \ \
 \\/  ___)| |_)| | | | | || (_| |  ) ) ) )
  '  |____| .__|_| |_|_| |_\__, | / / / /
 =========|_|==============|___/=/_/_/_/

 :: Spring Boot ::                (v3.3.2)

2024-08-24 16:26:51 INFO  c.e.springboot.HelloControllerTest - Starting HelloControllerTest using Java 22.0.1 with PID 37411 (started by yashraj in /Users/work/SpringTraining)
2024-08-24 16:26:51 DEBUG c.e.springboot.HelloControllerTest - Running with Spring Boot v3.3.2, Spring v6.1.11
2024-08-24 16:26:51 INFO  c.e.springboot.HelloControllerTest - No active profile set, falling back to 1 default profile: "default"
2024-08-24 16:26:51 WARN  o.s.b.a.s.s.UserDetailsServiceAutoConfiguration - 

Using generated security password: 205bb49d-9ff4-4323-aff5-6e809db63a8d

This generated password is for development use only. Your security configuration must be updated before running your application in production.

2024-08-24 16:26:51 INFO  o.s.s.c.a.a.c.InitializeUserDetailsBeanManagerConfigurer$InitializeUserDetailsManagerConfigurer - Global AuthenticationManager configured with UserDetailsService bean with name inMemoryUserDetailsManager
2024-08-24 16:26:51 INFO  o.s.b.t.m.w.SpringBootMockServletContext - Initializing Spring TestDispatcherServlet ''
2024-08-24 16:26:51 INFO  o.s.t.w.s.TestDispatcherServlet - Initializing Servlet ''
2024-08-24 16:26:51 INFO  o.s.t.w.s.TestDispatcherServlet - Completed initialization in 0 ms
2024-08-24 16:26:51 INFO  c.e.springboot.HelloControllerTest - Started HelloControllerTest in 0.145 seconds (process running for 2.328)

MockHttpServletRequest:
      HTTP Method = GET
      Request URI = /api/greetings
       Parameters = {}
          Headers = []
             Body = null
    Session Attrs = {SPRING_SECURITY_SAVED_REQUEST=DefaultSavedRequest [http://localhost/api/greetings?continue]}

Handler:
             Type = null

Async:
    Async started = false
     Async result = null

Resolved Exception:
             Type = null

ModelAndView:
        View name = null
             View = null
            Model = null

FlashMap:
       Attributes = null

MockHttpServletResponse:
           Status = 401
    Error message = Unauthorized
          Headers = [Vary:"Origin", "Access-Control-Request-Method", "Access-Control-Request-Headers", WWW-Authenticate:"Basic realm="Realm"", X-Content-Type-Options:"nosniff", X-XSS-Protection:"0", Cache-Control:"no-cache, no-store, max-age=0, must-revalidate", Pragma:"no-cache", Expires:"0", X-Frame-Options:"DENY"]
     Content type = null
             Body = 
    Forwarded URL = null
   Redirected URL = null
          Cookies = []
]]></system-out>
	</testcase>
	<testcase name="testGreetingsWithName"
		classname="com.example.springboot.HelloControllerTest" time="0.003">
		<failure message="Status expected:&lt;200&gt; but was:&lt;401&gt;"
			type="java.lang.AssertionError"><![CDATA[java.lang.AssertionError: Status expected:<200> but was:<401>
	at org.springframework.test.util.AssertionErrors.fail(AssertionErrors.java:59)
	at org.springframework.test.util.AssertionErrors.assertEquals(AssertionErrors.java:122)
	at org.springframework.test.web.servlet.result.StatusResultMatchers.lambda$matcher$9(StatusResultMatchers.java:637)
	at org.springframework.test.web.servlet.MockMvc$1.andExpect(MockMvc.java:214)
	at com.example.springboot.HelloControllerTest.testGreetingsWithName(HelloControllerTest.java:29)
	at java.base/java.lang.reflect.Method.invoke(Method.java:580)
	at java.base/java.util.ArrayList.forEach(ArrayList.java:1597)
	at java.base/java.util.ArrayList.forEach(ArrayList.java:1597)
]]></failure>
		<system-out><![CDATA[
MockHttpServletRequest:
      HTTP Method = GET
      Request URI = /api/greetings
       Parameters = {name=[Alice]}
          Headers = []
             Body = null
    Session Attrs = {SPRING_SECURITY_SAVED_REQUEST=DefaultSavedRequest [http://localhost/api/greetings?continue]}

Handler:
             Type = null

Async:
    Async started = false
     Async result = null

Resolved Exception:
             Type = null

ModelAndView:
        View name = null
             View = null
            Model = null

FlashMap:
       Attributes = null

MockHttpServletResponse:
           Status = 401
    Error message = Unauthorized
          Headers = [Vary:"Origin", "Access-Control-Request-Method", "Access-Control-Request-Headers", WWW-Authenticate:"Basic realm="Realm"", X-Content-Type-Options:"nosniff", X-XSS-Protection:"0", Cache-Control:"no-cache, no-store, max-age=0, must-revalidate", Pragma:"no-cache", Expires:"0", X-Frame-Options:"DENY"]
     Content type = null
             Body = 
    Forwarded URL = null
   Redirected URL = null
          Cookies = []
]]></system-out>
	</testcase>
</testsuite>